2020-06-22 15:15:53.916 [main] INFO  com.maveric.core.testng.listeners.TestListener - Thread Count : 1
2020-06-22 15:15:53.978 [main] INFO  com.maveric.core.testng.listeners.TestListener - Data Provider Count : 1
2020-06-22 15:15:53.978 [main] INFO  com.maveric.core.testng.listeners.TestListener - Parallel Type : Methods
2020-06-22 15:15:54.030 [main] INFO  com.maveric.core.testng.listeners.ReportListener - reports folder created successfully :./reports/test-output-22_Jun_2020_03_15_54_PM
2020-06-22 15:16:25.154 [TestNG-test=TestNG Test0-1] INFO  com.maveric.core.driver.RemoteCapabilities - chromedriver path C:\Users\Sathiyamoorthi\.m2\repository\webdriver\chromedriver\win32\83.0.4103.39
2020-06-22 15:16:25.160 [TestNG-test=TestNG Test0-1] INFO  com.maveric.core.driver.DriverFactory - app : C:\Users\Sathiyamoorthi\Downloads\NewTAFUpdated\NewTAFUpdated\.\src\test\resources\apps\AndroidApp.apk
2020-06-22 15:16:25.162 [TestNG-test=TestNG Test0-1] INFO  com.maveric.core.driver.DriverFactory - appActivity : com.swaglabsmobileapp.SplashActivity
2020-06-22 15:16:25.162 [TestNG-test=TestNG Test0-1] INFO  com.maveric.core.driver.DriverFactory - appPackage : com.swaglabsmobileapp
2020-06-22 15:16:25.575 [TestNG-test=TestNG Test0-1] INFO  com.maveric.core.driver.DriverFactory - appium:chromeOptions : {w3c=false}
2020-06-22 15:16:25.576 [TestNG-test=TestNG Test0-1] INFO  com.maveric.core.driver.DriverFactory - automationName : UiAutomator2
2020-06-22 15:16:25.577 [TestNG-test=TestNG Test0-1] INFO  com.maveric.core.driver.DriverFactory - browserName : 
2020-06-22 15:16:25.578 [TestNG-test=TestNG Test0-1] INFO  com.maveric.core.driver.DriverFactory - chromedriverExecutableDir : C:\Users\Sathiyamoorthi\.m2\repository\webdriver\chromedriver\win32\83.0.4103.39
2020-06-22 15:16:25.579 [TestNG-test=TestNG Test0-1] INFO  com.maveric.core.driver.DriverFactory - deviceName : 
2020-06-22 15:16:25.604 [TestNG-test=TestNG Test0-1] INFO  com.maveric.core.driver.DriverFactory - deviceReadyTimeout : 60
2020-06-22 15:16:25.605 [TestNG-test=TestNG Test0-1] INFO  com.maveric.core.driver.DriverFactory - noReset : true
2020-06-22 15:16:25.606 [TestNG-test=TestNG Test0-1] INFO  com.maveric.core.driver.DriverFactory - platformName : android
2020-06-22 15:16:25.606 [TestNG-test=TestNG Test0-1] INFO  com.maveric.core.driver.DriverFactory - platformVersion : 8.1
2020-06-22 15:16:25.606 [TestNG-test=TestNG Test0-1] INFO  com.maveric.core.driver.DriverFactory - resetKeyboard : true
2020-06-22 15:16:25.607 [TestNG-test=TestNG Test0-1] INFO  com.maveric.core.driver.DriverFactory - unicodeKeyboard : true
2020-06-22 15:16:25.607 [TestNG-test=TestNG Test0-1] INFO  com.maveric.core.driver.DriverFactory - useNewWDA : false
2020-06-22 15:16:35.797 [TestNG-test=TestNG Test0-1] INFO  com.maveric.core.testng.listeners.DriverListener - Driver Setup Completed
2020-06-22 15:16:36.612 [TestNG-test=TestNG Test0-1] INFO  com.maveric.core.testng.listeners.DriverListener - Driver Quit Completed
2020-06-22 15:16:36.750 [TestNG-test=TestNG Test0-1] INFO  com.maveric.core.driver.RemoteCapabilities - chromedriver path C:\Users\Sathiyamoorthi\.m2\repository\webdriver\chromedriver\win32\83.0.4103.39
2020-06-22 15:16:36.751 [TestNG-test=TestNG Test0-1] INFO  com.maveric.core.driver.DriverFactory - app : C:\Users\Sathiyamoorthi\Downloads\NewTAFUpdated\NewTAFUpdated\.\src\test\resources\apps\AndroidApp.apk
2020-06-22 15:16:36.751 [TestNG-test=TestNG Test0-1] INFO  com.maveric.core.driver.DriverFactory - appActivity : com.swaglabsmobileapp.SplashActivity
2020-06-22 15:16:36.752 [TestNG-test=TestNG Test0-1] INFO  com.maveric.core.driver.DriverFactory - appPackage : com.swaglabsmobileapp
2020-06-22 15:16:36.752 [TestNG-test=TestNG Test0-1] INFO  com.maveric.core.driver.DriverFactory - appium:chromeOptions : {w3c=false}
2020-06-22 15:16:36.752 [TestNG-test=TestNG Test0-1] INFO  com.maveric.core.driver.DriverFactory - automationName : UiAutomator2
2020-06-22 15:16:36.752 [TestNG-test=TestNG Test0-1] INFO  com.maveric.core.driver.DriverFactory - browserName : 
2020-06-22 15:16:36.753 [TestNG-test=TestNG Test0-1] INFO  com.maveric.core.driver.DriverFactory - chromedriverExecutableDir : C:\Users\Sathiyamoorthi\.m2\repository\webdriver\chromedriver\win32\83.0.4103.39
2020-06-22 15:16:36.754 [TestNG-test=TestNG Test0-1] INFO  com.maveric.core.driver.DriverFactory - deviceName : 
2020-06-22 15:16:36.754 [TestNG-test=TestNG Test0-1] INFO  com.maveric.core.driver.DriverFactory - deviceReadyTimeout : 60
2020-06-22 15:16:36.754 [TestNG-test=TestNG Test0-1] INFO  com.maveric.core.driver.DriverFactory - noReset : true
2020-06-22 15:16:36.755 [TestNG-test=TestNG Test0-1] INFO  com.maveric.core.driver.DriverFactory - platformName : android
2020-06-22 15:16:36.756 [TestNG-test=TestNG Test0-1] INFO  com.maveric.core.driver.DriverFactory - platformVersion : 8.1
2020-06-22 15:16:36.757 [TestNG-test=TestNG Test0-1] INFO  com.maveric.core.driver.DriverFactory - resetKeyboard : true
2020-06-22 15:16:36.757 [TestNG-test=TestNG Test0-1] INFO  com.maveric.core.driver.DriverFactory - unicodeKeyboard : true
2020-06-22 15:16:36.758 [TestNG-test=TestNG Test0-1] INFO  com.maveric.core.driver.DriverFactory - useNewWDA : false
2020-06-22 15:16:38.817 [TestNG-test=TestNG Test0-1] INFO  com.maveric.core.testng.listeners.DriverListener - Driver Setup Completed
2020-06-22 15:16:38.821 [TestNG-test=TestNG Test0-1] INFO  com.maveric.core.testng.listeners.DriverListener - Driver Quit Completed
2020-06-22 15:17:11.853 [main] INFO  com.maveric.core.testng.listeners.TestListener - Thread Count : 1
2020-06-22 15:17:11.880 [main] INFO  com.maveric.core.testng.listeners.TestListener - Data Provider Count : 1
2020-06-22 15:17:11.881 [main] INFO  com.maveric.core.testng.listeners.TestListener - Parallel Type : Methods
2020-06-22 15:17:11.967 [main] INFO  com.maveric.core.testng.listeners.ReportListener - reports folder created successfully :./reports/test-output-22_Jun_2020_03_17_11_PM
2020-06-22 15:17:39.117 [TestNG-test=TestNG Test0-1] INFO  com.maveric.core.testng.listeners.DriverListener - Driver Quit Completed
2020-06-22 15:17:40.484 [TestNG-test=TestNG Test0-1] INFO  com.maveric.core.testng.listeners.DriverListener - Driver Quit Completed
2020-06-22 15:18:23.663 [main] INFO  com.maveric.core.testng.listeners.TestListener - Thread Count : 1
2020-06-22 15:18:23.685 [main] INFO  com.maveric.core.testng.listeners.TestListener - Data Provider Count : 1
2020-06-22 15:18:23.686 [main] INFO  com.maveric.core.testng.listeners.TestListener - Parallel Type : Methods
2020-06-22 15:18:23.711 [main] INFO  com.maveric.core.testng.listeners.ReportListener - reports folder created successfully :./reports/test-output-22_Jun_2020_03_18_23_PM
2020-06-22 15:18:40.322 [TestNG-test=TestNG Test1-1] INFO  com.maveric.core.testng.listeners.DriverListener - Driver Quit Completed
2020-06-22 15:18:41.019 [TestNG-test=TestNG Test1-1] INFO  com.maveric.core.testng.listeners.DriverListener - Driver Quit Completed
2020-06-22 15:21:37.885 [main] INFO  com.maveric.core.testng.listeners.TestListener - Thread Count : 1
2020-06-22 15:21:37.934 [main] INFO  com.maveric.core.testng.listeners.TestListener - Data Provider Count : 1
2020-06-22 15:21:37.935 [main] INFO  com.maveric.core.testng.listeners.TestListener - Parallel Type : Methods
2020-06-22 15:21:37.995 [main] INFO  com.maveric.core.testng.listeners.ReportListener - reports folder created successfully :./reports/test-output-22_Jun_2020_03_21_37_PM
2020-06-22 15:22:05.054 [TestNG-test=TestNG Test1-1] INFO  com.maveric.core.driver.RemoteCapabilities - chromedriver path C:\Users\Sathiyamoorthi\.m2\repository\webdriver\chromedriver\win32\83.0.4103.39
2020-06-22 15:22:05.059 [TestNG-test=TestNG Test1-1] INFO  com.maveric.core.driver.DriverFactory - app : C:\Users\Sathiyamoorthi\Downloads\NewTAFUpdated\NewTAFUpdated\.\src\test\resources\apps\AndroidApp.apk
2020-06-22 15:22:05.060 [TestNG-test=TestNG Test1-1] INFO  com.maveric.core.driver.DriverFactory - appActivity : com.swaglabsmobileapp.SplashActivity
2020-06-22 15:22:05.061 [TestNG-test=TestNG Test1-1] INFO  com.maveric.core.driver.DriverFactory - appPackage : com.swaglabsmobileapp
2020-06-22 15:22:05.570 [TestNG-test=TestNG Test1-1] INFO  com.maveric.core.driver.DriverFactory - appium:chromeOptions : {w3c=false}
2020-06-22 15:22:05.570 [TestNG-test=TestNG Test1-1] INFO  com.maveric.core.driver.DriverFactory - automationName : UiAutomator2
2020-06-22 15:22:05.571 [TestNG-test=TestNG Test1-1] INFO  com.maveric.core.driver.DriverFactory - browserName : 
2020-06-22 15:22:05.571 [TestNG-test=TestNG Test1-1] INFO  com.maveric.core.driver.DriverFactory - chromedriverExecutableDir : C:\Users\Sathiyamoorthi\.m2\repository\webdriver\chromedriver\win32\83.0.4103.39
2020-06-22 15:22:05.571 [TestNG-test=TestNG Test1-1] INFO  com.maveric.core.driver.DriverFactory - deviceName : 
2020-06-22 15:22:05.572 [TestNG-test=TestNG Test1-1] INFO  com.maveric.core.driver.DriverFactory - deviceReadyTimeout : 60
2020-06-22 15:22:05.573 [TestNG-test=TestNG Test1-1] INFO  com.maveric.core.driver.DriverFactory - noReset : true
2020-06-22 15:22:05.573 [TestNG-test=TestNG Test1-1] INFO  com.maveric.core.driver.DriverFactory - platformName : android
2020-06-22 15:22:05.573 [TestNG-test=TestNG Test1-1] INFO  com.maveric.core.driver.DriverFactory - platformVersion : 8.1
2020-06-22 15:22:05.574 [TestNG-test=TestNG Test1-1] INFO  com.maveric.core.driver.DriverFactory - resetKeyboard : true
2020-06-22 15:22:05.574 [TestNG-test=TestNG Test1-1] INFO  com.maveric.core.driver.DriverFactory - unicodeKeyboard : true
2020-06-22 15:22:05.575 [TestNG-test=TestNG Test1-1] INFO  com.maveric.core.driver.DriverFactory - useNewWDA : false
2020-06-22 15:22:12.493 [TestNG-test=TestNG Test1-1] INFO  com.maveric.core.testng.listeners.DriverListener - Driver Setup Completed
2020-06-22 15:22:12.808 [TestNG-test=TestNG Test1-1] INFO  com.maveric.core.testng.listeners.DriverListener - Driver Quit Completed
2020-06-22 15:22:12.856 [TestNG-test=TestNG Test1-1] INFO  com.maveric.core.driver.RemoteCapabilities - chromedriver path C:\Users\Sathiyamoorthi\.m2\repository\webdriver\chromedriver\win32\83.0.4103.39
2020-06-22 15:22:12.856 [TestNG-test=TestNG Test1-1] INFO  com.maveric.core.driver.DriverFactory - app : C:\Users\Sathiyamoorthi\Downloads\NewTAFUpdated\NewTAFUpdated\.\src\test\resources\apps\AndroidApp.apk
2020-06-22 15:22:12.857 [TestNG-test=TestNG Test1-1] INFO  com.maveric.core.driver.DriverFactory - appActivity : com.swaglabsmobileapp.SplashActivity
2020-06-22 15:22:12.857 [TestNG-test=TestNG Test1-1] INFO  com.maveric.core.driver.DriverFactory - appPackage : com.swaglabsmobileapp
2020-06-22 15:22:12.857 [TestNG-test=TestNG Test1-1] INFO  com.maveric.core.driver.DriverFactory - appium:chromeOptions : {w3c=false}
2020-06-22 15:22:12.858 [TestNG-test=TestNG Test1-1] INFO  com.maveric.core.driver.DriverFactory - automationName : UiAutomator2
2020-06-22 15:22:12.858 [TestNG-test=TestNG Test1-1] INFO  com.maveric.core.driver.DriverFactory - browserName : 
2020-06-22 15:22:12.858 [TestNG-test=TestNG Test1-1] INFO  com.maveric.core.driver.DriverFactory - chromedriverExecutableDir : C:\Users\Sathiyamoorthi\.m2\repository\webdriver\chromedriver\win32\83.0.4103.39
2020-06-22 15:22:12.864 [TestNG-test=TestNG Test1-1] INFO  com.maveric.core.driver.DriverFactory - deviceName : 
2020-06-22 15:22:12.865 [TestNG-test=TestNG Test1-1] INFO  com.maveric.core.driver.DriverFactory - deviceReadyTimeout : 60
2020-06-22 15:22:12.866 [TestNG-test=TestNG Test1-1] INFO  com.maveric.core.driver.DriverFactory - noReset : true
2020-06-22 15:22:12.866 [TestNG-test=TestNG Test1-1] INFO  com.maveric.core.driver.DriverFactory - platformName : android
2020-06-22 15:22:12.867 [TestNG-test=TestNG Test1-1] INFO  com.maveric.core.driver.DriverFactory - platformVersion : 8.1
2020-06-22 15:22:12.867 [TestNG-test=TestNG Test1-1] INFO  com.maveric.core.driver.DriverFactory - resetKeyboard : true
2020-06-22 15:22:12.868 [TestNG-test=TestNG Test1-1] INFO  com.maveric.core.driver.DriverFactory - unicodeKeyboard : true
2020-06-22 15:22:12.869 [TestNG-test=TestNG Test1-1] INFO  com.maveric.core.driver.DriverFactory - useNewWDA : false
2020-06-22 15:22:14.927 [TestNG-test=TestNG Test1-1] INFO  com.maveric.core.testng.listeners.DriverListener - Driver Setup Completed
2020-06-22 15:22:14.933 [TestNG-test=TestNG Test1-1] INFO  com.maveric.core.testng.listeners.DriverListener - Driver Quit Completed
2020-06-22 15:26:52.838 [main] INFO  com.maveric.core.testng.listeners.TestListener - Thread Count : 1
2020-06-22 15:26:52.877 [main] INFO  com.maveric.core.testng.listeners.TestListener - Data Provider Count : 1
2020-06-22 15:26:52.878 [main] INFO  com.maveric.core.testng.listeners.TestListener - Parallel Type : Methods
2020-06-22 15:26:52.981 [main] INFO  com.maveric.core.testng.listeners.ReportListener - reports folder created successfully :./reports/test-output-22_Jun_2020_03_26_52_PM
2020-06-22 15:28:55.562 [TestNG-test=TestNG Test0-1] INFO  com.maveric.core.testng.listeners.DriverListener - Driver Setup Completed
2020-06-22 15:29:41.532 [TestNG-test=TestNG Test0-1] ERROR com.maveric.core.utils.web.WebActions - unable to capture screenshotorg.openqa.selenium.WebDriverException: java.net.ConnectException: Failed to connect to localhost/0:0:0:0:0:0:0:1:18955
Build info: version: '3.141.59', revision: 'e82be7d358', time: '2018-11-14T08:17:03'
System info: host: 'MAVBCP532', ip: '192.168.43.163', os.name: 'Windows 10', os.arch: 'amd64', os.version: '10.0', java.version: '1.8.0_251'
Driver info: driver.version: RemoteWebDriver
2020-06-22 15:30:15.083 [TestNG-test=TestNG Test0-1] INFO  com.maveric.core.testng.listeners.DriverListener - Driver Setup Completed
2020-06-22 15:30:54.696 [TestNG-test=TestNG Test0-1] INFO  com.maveric.core.testng.listeners.DriverListener - Driver Quit Completed
2020-06-22 15:32:47.089 [main] INFO  com.maveric.core.testng.listeners.TestListener - Thread Count : 1
2020-06-22 15:32:47.116 [main] INFO  com.maveric.core.testng.listeners.TestListener - Data Provider Count : 1
2020-06-22 15:32:47.117 [main] INFO  com.maveric.core.testng.listeners.TestListener - Parallel Type : Methods
2020-06-22 15:32:47.172 [main] INFO  com.maveric.core.testng.listeners.ReportListener - reports folder created successfully :./reports/test-output-22_Jun_2020_03_32_47_PM
2020-06-22 15:33:15.821 [TestNG-test=TestNG Test0-1] INFO  com.maveric.core.testng.listeners.DriverListener - Driver Quit Completed
2020-06-22 15:33:16.502 [TestNG-test=TestNG Test0-1] INFO  com.maveric.core.testng.listeners.DriverListener - Driver Quit Completed
2020-06-26 21:09:18.619 [main] INFO  com.maveric.core.testng.listeners.TestListener - Thread Count : 1
2020-06-26 21:09:18.661 [main] INFO  com.maveric.core.testng.listeners.TestListener - Data Provider Count : 1
2020-06-26 21:09:18.662 [main] INFO  com.maveric.core.testng.listeners.TestListener - Parallel Type : Methods
2020-06-26 21:09:18.761 [main] INFO  com.maveric.core.testng.listeners.ReportListener - reports folder created successfully :./reports/test-output-26_Jun_2020_09_09_18_PM
2020-06-26 21:23:56.212 [main] INFO  com.maveric.core.testng.listeners.TestListener - Thread Count : 1
2020-06-26 21:23:56.256 [main] INFO  com.maveric.core.testng.listeners.TestListener - Data Provider Count : 1
2020-06-26 21:23:56.256 [main] INFO  com.maveric.core.testng.listeners.TestListener - Parallel Type : Methods
2020-06-26 21:23:56.276 [main] INFO  com.maveric.core.testng.listeners.ReportListener - reports folder created successfully :./reports/test-output-26_Jun_2020_09_23_56_PM
2020-06-26 22:14:41.282 [main] INFO  com.maveric.core.testng.listeners.TestListener - Thread Count : 1
2020-06-26 22:14:41.305 [main] INFO  com.maveric.core.testng.listeners.TestListener - Data Provider Count : 1
2020-06-26 22:14:41.306 [main] INFO  com.maveric.core.testng.listeners.TestListener - Parallel Type : Methods
2020-06-26 22:14:41.344 [main] INFO  com.maveric.core.testng.listeners.ReportListener - reports folder created successfully :./reports/test-output-26_Jun_2020_10_14_41_PM
2020-06-26 22:18:04.190 [main] INFO  com.maveric.core.testng.listeners.ReportListener - reports folder created successfully :./reports/test-output-26_Jun_2020_10_18_04_PM
2020-06-26 22:21:00.544 [main] INFO  com.maveric.core.testng.listeners.TestListener - Thread Count : 1
2020-06-26 22:21:00.570 [main] INFO  com.maveric.core.testng.listeners.TestListener - Data Provider Count : 1
2020-06-26 22:21:00.571 [main] INFO  com.maveric.core.testng.listeners.TestListener - Parallel Type : Methods
2020-06-26 22:21:00.601 [main] INFO  com.maveric.core.testng.listeners.ReportListener - reports folder created successfully :./reports/test-output-26_Jun_2020_10_21_00_PM
2020-06-28 13:58:42.910 [main] INFO  com.maveric.core.testng.listeners.TestListener - Thread Count : 1
2020-06-28 13:58:42.958 [main] INFO  com.maveric.core.testng.listeners.TestListener - Data Provider Count : 1
2020-06-28 13:58:42.958 [main] INFO  com.maveric.core.testng.listeners.TestListener - Parallel Type : Methods
2020-06-28 13:58:43.075 [main] INFO  com.maveric.core.testng.listeners.ReportListener - reports folder created successfully :./reports/test-output-28_Jun_2020_01_58_43_PM
2020-06-28 13:59:16.525 [TestNG-test=Default test-1] INFO  com.maveric.core.testng.listeners.DriverListener - Driver Quit Completed
2020-06-28 13:59:17.235 [TestNG-test=Default test-1] INFO  com.maveric.core.testng.listeners.DriverListener - Driver Quit Completed
2020-06-28 14:02:31.337 [main] INFO  com.maveric.core.testng.listeners.TestListener - Thread Count : 1
2020-06-28 14:02:31.363 [main] INFO  com.maveric.core.testng.listeners.TestListener - Data Provider Count : 1
2020-06-28 14:02:31.364 [main] INFO  com.maveric.core.testng.listeners.TestListener - Parallel Type : Methods
2020-06-28 14:02:31.487 [main] INFO  com.maveric.core.testng.listeners.ReportListener - reports folder created successfully :./reports/test-output-28_Jun_2020_02_02_31_PM
2020-06-28 14:02:46.921 [TestNG-test=Default test-1] INFO  com.maveric.core.testng.listeners.DriverListener - Driver Quit Completed
2020-06-28 14:02:48.286 [TestNG-test=Default test-1] INFO  com.maveric.core.testng.listeners.DriverListener - Driver Quit Completed
2020-06-28 14:17:36.847 [main] INFO  com.maveric.core.testng.listeners.ReportListener - reports folder created successfully :./reports/test-output-28_Jun_2020_02_17_36_PM
2020-06-28 14:17:52.634 [main] INFO  com.maveric.core.testng.listeners.TestListener - Thread Count : 1
2020-06-28 14:17:52.637 [main] INFO  com.maveric.core.testng.listeners.TestListener - Data Provider Count : 1
2020-06-28 14:17:52.637 [main] INFO  com.maveric.core.testng.listeners.TestListener - Parallel Type : Methods
2020-06-28 14:17:57.485 [TestNG-test=Default test-1] INFO  com.maveric.core.testng.listeners.DriverListener - Driver Quit Completed
2020-06-28 14:17:58.340 [TestNG-test=Default test-1] INFO  com.maveric.core.testng.listeners.DriverListener - Driver Quit Completed
2020-06-28 14:17:58.937 [TestNG-test=Default test-1] INFO  com.maveric.core.testng.listeners.DriverListener - Driver Quit Completed
2020-06-28 14:17:59.566 [TestNG-test=Default test-1] INFO  com.maveric.core.testng.listeners.DriverListener - Driver Quit Completed
2020-06-28 14:18:00.705 [TestNG-test=Default test-1] INFO  com.maveric.core.testng.listeners.DriverListener - Driver Quit Completed
2020-06-28 14:18:01.316 [TestNG-test=Default test-1] INFO  com.maveric.core.testng.listeners.DriverListener - Driver Quit Completed
2020-06-28 14:18:01.923 [TestNG-test=Default test-1] INFO  com.maveric.core.testng.listeners.DriverListener - Driver Quit Completed
2020-06-28 14:18:02.536 [TestNG-test=Default test-1] INFO  com.maveric.core.testng.listeners.DriverListener - Driver Quit Completed
2020-06-28 14:18:03.143 [TestNG-test=Default test-1] INFO  com.maveric.core.testng.listeners.DriverListener - Driver Quit Completed
2020-06-28 14:20:28.293 [main] INFO  com.maveric.core.testng.listeners.ReportListener - reports folder created successfully :./reports/test-output-28_Jun_2020_02_20_28_PM
2020-06-28 14:20:37.916 [main] INFO  com.maveric.core.testng.listeners.TestListener - Thread Count : 1
2020-06-28 14:20:37.916 [main] INFO  com.maveric.core.testng.listeners.TestListener - Data Provider Count : 1
2020-06-28 14:20:37.919 [main] INFO  com.maveric.core.testng.listeners.TestListener - Parallel Type : Methods
2020-06-28 14:20:51.820 [TestNG-test=Default test-1] INFO  com.maveric.core.testng.listeners.DriverListener - Driver Quit Completed
2020-06-28 14:20:52.587 [TestNG-test=Default test-1] INFO  com.maveric.core.testng.listeners.DriverListener - Driver Quit Completed
2020-06-28 14:20:53.220 [TestNG-test=Default test-1] INFO  com.maveric.core.testng.listeners.DriverListener - Driver Quit Completed
2020-06-28 14:20:53.842 [TestNG-test=Default test-1] INFO  com.maveric.core.testng.listeners.DriverListener - Driver Quit Completed
2020-06-28 14:20:54.456 [TestNG-test=Default test-1] INFO  com.maveric.core.testng.listeners.DriverListener - Driver Quit Completed
2020-06-28 14:20:55.595 [TestNG-test=Default test-1] INFO  com.maveric.core.testng.listeners.DriverListener - Driver Quit Completed
2020-06-28 14:20:56.204 [TestNG-test=Default test-1] INFO  com.maveric.core.testng.listeners.DriverListener - Driver Quit Completed
2020-06-28 14:20:56.809 [TestNG-test=Default test-1] INFO  com.maveric.core.testng.listeners.DriverListener - Driver Quit Completed
2020-06-28 14:20:57.433 [TestNG-test=Default test-1] INFO  com.maveric.core.testng.listeners.DriverListener - Driver Quit Completed
2020-06-28 14:22:35.599 [main] INFO  com.maveric.core.testng.listeners.ReportListener - reports folder created successfully :./reports/test-output-28_Jun_2020_02_22_35_PM
2020-06-28 14:22:53.039 [main] INFO  com.maveric.core.testng.listeners.TestListener - Thread Count : 1
2020-06-28 14:22:53.043 [main] INFO  com.maveric.core.testng.listeners.TestListener - Data Provider Count : 1
2020-06-28 14:22:53.043 [main] INFO  com.maveric.core.testng.listeners.TestListener - Parallel Type : Methods
2020-06-28 14:24:17.513 [TestNG-test=Default test-1] INFO  com.maveric.core.testng.listeners.DriverListener - Driver Setup Completed
2020-06-28 14:24:20.478 [TestNG-test=Default test-1] INFO  com.maveric.core.testng.listeners.DriverListener - Driver Quit Completed
2020-06-28 14:24:56.177 [TestNG-test=Default test-1] INFO  com.maveric.core.testng.listeners.DriverListener - Driver Setup Completed
2020-06-28 14:24:57.441 [TestNG-test=Default test-1] INFO  com.maveric.core.testng.listeners.DriverListener - Driver Quit Completed
2020-06-28 14:25:35.163 [TestNG-test=Default test-1] INFO  com.maveric.core.testng.listeners.DriverListener - Driver Setup Completed
2020-06-28 14:25:35.920 [TestNG-test=Default test-1] INFO  com.maveric.core.testng.listeners.DriverListener - Driver Quit Completed
2020-06-28 14:26:03.083 [TestNG-test=Default test-1] INFO  com.maveric.core.testng.listeners.DriverListener - Driver Setup Completed
2020-06-28 14:26:03.743 [TestNG-test=Default test-1] INFO  com.maveric.core.testng.listeners.DriverListener - Driver Quit Completed
2020-06-28 14:26:40.429 [TestNG-test=Default test-1] INFO  com.maveric.core.testng.listeners.DriverListener - Driver Setup Completed
2020-06-28 14:26:41.138 [TestNG-test=Default test-1] INFO  com.maveric.core.testng.listeners.DriverListener - Driver Quit Completed
2020-06-28 14:27:33.151 [TestNG-test=Default test-1] INFO  com.maveric.core.testng.listeners.DriverListener - Driver Setup Completed
2020-06-28 14:27:34.010 [TestNG-test=Default test-1] INFO  com.maveric.core.testng.listeners.DriverListener - Driver Quit Completed
2020-06-28 14:28:07.517 [TestNG-test=Default test-1] INFO  com.maveric.core.testng.listeners.DriverListener - Driver Setup Completed
2020-06-28 14:28:08.941 [TestNG-test=Default test-1] INFO  com.maveric.core.testng.listeners.DriverListener - Driver Quit Completed
2020-06-28 14:28:56.599 [TestNG-test=Default test-1] INFO  com.maveric.core.testng.listeners.DriverListener - Driver Setup Completed
2020-06-28 14:28:57.302 [TestNG-test=Default test-1] INFO  com.maveric.core.testng.listeners.DriverListener - Driver Quit Completed
2020-06-28 14:29:28.064 [TestNG-test=Default test-1] INFO  com.maveric.core.testng.listeners.DriverListener - Driver Setup Completed
2020-06-28 14:29:28.709 [TestNG-test=Default test-1] INFO  com.maveric.core.testng.listeners.DriverListener - Driver Quit Completed
2020-06-28 14:38:03.504 [main] INFO  com.maveric.core.testng.listeners.TestListener - Thread Count : 1
2020-06-28 14:38:03.525 [main] INFO  com.maveric.core.testng.listeners.TestListener - Data Provider Count : 1
2020-06-28 14:38:03.526 [main] INFO  com.maveric.core.testng.listeners.TestListener - Parallel Type : Methods
2020-06-28 14:38:03.552 [main] INFO  com.maveric.core.testng.listeners.ReportListener - reports folder created successfully :./reports/test-output-28_Jun_2020_02_38_03_PM
2020-06-28 14:38:40.345 [TestNG-test=Default test-1] INFO  com.maveric.core.testng.listeners.DriverListener - Driver Setup Completed
2020-06-28 14:38:41.021 [TestNG-test=Default test-1] INFO  com.maveric.core.testng.listeners.DriverListener - Driver Quit Completed
2020-06-28 14:39:09.263 [TestNG-test=Default test-1] INFO  com.maveric.core.testng.listeners.DriverListener - Driver Setup Completed
2020-06-28 14:39:10.476 [TestNG-test=Default test-1] INFO  com.maveric.core.testng.listeners.DriverListener - Driver Quit Completed
2020-06-28 17:09:47.129 [main] INFO  com.maveric.core.testng.listeners.ReportListener - reports folder created successfully :./reports/test-output-28_Jun_2020_05_09_47_PM
